# JRE version: Java(TM) SE Runtime Environment (8.0_261-b12) (build 1.8.0_261-b12)
# Java VM: Java HotSpot(TM) 64-Bit Server VM (25.261-b12 mixed mode windows-amd64 compressed oops)
Heap:
 PSYoungGen      total 22016K, used 16466K [0x00000000eb000000, 0x00000000ecc00000, 0x0000000100000000)
  eden space 15360K, 98% used [0x00000000eb000000,0x00000000ebec4600,0x00000000ebf00000)
  from space 6656K, 20% used [0x00000000ec580000,0x00000000ec6d0230,0x00000000ecc00000)
  to   space 6656K, 0% used [0x00000000ebf00000,0x00000000ebf00000,0x00000000ec580000)
 ParOldGen       total 26624K, used 8277K [0x00000000c1000000, 0x00000000c2a00000, 0x00000000eb000000)
  object space 26624K, 31% used [0x00000000c1000000,0x00000000c1815540,0x00000000c2a00000)
 Metaspace       used 23662K, capacity 24499K, committed 24624K, reserved 1071104K
  class space    used 3098K, capacity 3336K, committed 3376K, reserved 1048576K
GC Heap History (10 events):
Event: 46.101 GC heap before
{Heap before GC invocations=7 (full 0):
 PSYoungGen      total 21504K, used 13900K [0x00000000eb000000, 0x00000000ecc00000, 0x0000000100000000)
  eden space 15872K, 52% used [0x00000000eb000000,0x00000000eb814b60,0x00000000ebf80000)
  from space 5632K, 99% used [0x00000000ec580000,0x00000000ecafe740,0x00000000ecb00000)
  to   space 6144K, 0% used [0x00000000ebf80000,0x00000000ebf80000,0x00000000ec580000)
 ParOldGen       total 44032K, used 8825K [0x00000000c1000000, 0x00000000c3b00000, 0x00000000eb000000)
  object space 44032K, 20% used [0x00000000c1000000,0x00000000c189e640,0x00000000c3b00000)
 Metaspace       used 20602K, capacity 21257K, committed 21296K, reserved 1067008K
  class space    used 2646K, capacity 2825K, committed 2864K, reserved 1048576K
Event: 46.108 GC heap after
Heap after GC invocations=7 (full 0):
 PSYoungGen      total 22016K, used 4219K [0x00000000eb000000, 0x00000000ecb80000, 0x0000000100000000)
  eden space 15872K, 0% used [0x00000000eb000000,0x00000000eb000000,0x00000000ebf80000)
  from space 6144K, 68% used [0x00000000ebf80000,0x00000000ec39ef50,0x00000000ec580000)
  to   space 6144K, 0% used [0x00000000ec580000,0x00000000ec580000,0x00000000ecb80000)
 ParOldGen       total 44032K, used 10046K [0x00000000c1000000, 0x00000000c3b00000, 0x00000000eb000000)
  object space 44032K, 22% used [0x00000000c1000000,0x00000000c19cfbe0,0x00000000c3b00000)
 Metaspace       used 20602K, capacity 21257K, committed 21296K, reserved 1067008K
  class space    used 2646K, capacity 2825K, committed 2864K, reserved 1048576K
}
Event: 46.108 GC heap before
{Heap before GC invocations=8 (full 1):
 PSYoungGen      total 22016K, used 4219K [0x00000000eb000000, 0x00000000ecb80000, 0x0000000100000000)
  eden space 15872K, 0% used [0x00000000eb000000,0x00000000eb000000,0x00000000ebf80000)
  from space 6144K, 68% used [0x00000000ebf80000,0x00000000ec39ef50,0x00000000ec580000)
  to   space 6144K, 0% used [0x00000000ec580000,0x00000000ec580000,0x00000000ecb80000)
 ParOldGen       total 44032K, used 10046K [0x00000000c1000000, 0x00000000c3b00000, 0x00000000eb000000)
  object space 44032K, 22% used [0x00000000c1000000,0x00000000c19cfbe0,0x00000000c3b00000)
 Metaspace       used 20602K, capacity 21257K, committed 21296K, reserved 1067008K
  class space    used 2646K, capacity 2825K, committed 2864K, reserved 1048576K
Event: 46.154 GC heap after
Heap after GC invocations=8 (full 1):
 PSYoungGen      total 22016K, used 0K [0x00000000eb000000, 0x00000000ecb80000, 0x0000000100000000)
  eden space 15872K, 0% used [0x00000000eb000000,0x00000000eb000000,0x00000000ebf80000)
  from space 6144K, 0% used [0x00000000ebf80000,0x00000000ebf80000,0x00000000ec580000)
  to   space 6144K, 0% used [0x00000000ec580000,0x00000000ec580000,0x00000000ecb80000)
 ParOldGen       total 26624K, used 7746K [0x00000000c1000000, 0x00000000c2a00000, 0x00000000eb000000)
  object space 26624K, 29% used [0x00000000c1000000,0x00000000c1790bf8,0x00000000c2a00000)
 Metaspace       used 20602K, capacity 21257K, committed 21296K, reserved 1067008K
  class space    used 2646K, capacity 2825K, committed 2864K, reserved 1048576K
}
Event: 94.789 GC heap before
{Heap before GC invocations=9 (full 1):
 PSYoungGen      total 22016K, used 15872K [0x00000000eb000000, 0x00000000ecb80000, 0x0000000100000000)
  eden space 15872K, 100% used [0x00000000eb000000,0x00000000ebf80000,0x00000000ebf80000)
  from space 6144K, 0% used [0x00000000ebf80000,0x00000000ebf80000,0x00000000ec580000)
  to   space 6144K, 0% used [0x00000000ec580000,0x00000000ec580000,0x00000000ecb80000)
 ParOldGen       total 26624K, used 7746K [0x00000000c1000000, 0x00000000c2a00000, 0x00000000eb000000)
  object space 26624K, 29% used [0x00000000c1000000,0x00000000c1790bf8,0x00000000c2a00000)
 Metaspace       used 22582K, capacity 23451K, committed 23728K, reserved 1069056K
  class space    used 2952K, capacity 3164K, committed 3248K, reserved 1048576K
Event: 94.792 GC heap after
Heap after GC invocations=9 (full 1):
 PSYoungGen      total 21504K, used 1996K [0x00000000eb000000, 0x00000000ecc80000, 0x0000000100000000)
  eden space 15360K, 0% used [0x00000000eb000000,0x00000000eb000000,0x00000000ebf00000)
  from space 6144K, 32% used [0x00000000ec580000,0x00000000ec773120,0x00000000ecb80000)
  to   space 6656K, 0% used [0x00000000ebf00000,0x00000000ebf00000,0x00000000ec580000)
 ParOldGen       total 26624K, used 7746K [0x00000000c1000000, 0x00000000c2a00000, 0x00000000eb000000)
  object space 26624K, 29% used [0x00000000c1000000,0x00000000c1790bf8,0x00000000c2a00000)
 Metaspace       used 22582K, capacity 23451K, committed 23728K, reserved 1069056K
  class space    used 2952K, capacity 3164K, committed 3248K, reserved 1048576K
}
Event: 97.378 GC heap before
{Heap before GC invocations=10 (full 1):
 PSYoungGen      total 21504K, used 17356K [0x00000000eb000000, 0x00000000ecc80000, 0x0000000100000000)
  eden space 15360K, 100% used [0x00000000eb000000,0x00000000ebf00000,0x00000000ebf00000)
  from space 6144K, 32% used [0x00000000ec580000,0x00000000ec773120,0x00000000ecb80000)
  to   space 6656K, 0% used [0x00000000ebf00000,0x00000000ebf00000,0x00000000ec580000)
 ParOldGen       total 26624K, used 7746K [0x00000000c1000000, 0x00000000c2a00000, 0x00000000eb000000)
  object space 26624K, 29% used [0x00000000c1000000,0x00000000c1790bf8,0x00000000c2a00000)
 Metaspace       used 23409K, capacity 24207K, committed 24368K, reserved 1071104K
  class space    used 3066K, capacity 3264K, committed 3376K, reserved 1048576K
Event: 97.380 GC heap after
Heap after GC invocations=10 (full 1):
 PSYoungGen      total 22016K, used 1586K [0x00000000eb000000, 0x00000000ecc00000, 0x0000000100000000)
  eden space 15360K, 0% used [0x00000000eb000000,0x00000000eb000000,0x00000000ebf00000)
  from space 6656K, 23% used [0x00000000ebf00000,0x00000000ec08cad8,0x00000000ec580000)
  to   space 6656K, 0% used [0x00000000ec580000,0x00000000ec580000,0x00000000ecc00000)
 ParOldGen       total 26624K, used 7746K [0x00000000c1000000, 0x00000000c2a00000, 0x00000000eb000000)
  object space 26624K, 29% used [0x00000000c1000000,0x00000000c1790bf8,0x00000000c2a00000)
 Metaspace       used 23409K, capacity 24207K, committed 24368K, reserved 1071104K
  class space    used 3066K, capacity 3264K, committed 3376K, reserved 1048576K
}
Event: 111.268 GC heap before
{Heap before GC invocations=11 (full 1):
 PSYoungGen      total 22016K, used 16946K [0x00000000eb000000, 0x00000000ecc00000, 0x0000000100000000)
  eden space 15360K, 100% used [0x00000000eb000000,0x00000000ebf00000,0x00000000ebf00000)
  from space 6656K, 23% used [0x00000000ebf00000,0x00000000ec08cad8,0x00000000ec580000)
  to   space 6656K, 0% used [0x00000000ec580000,0x00000000ec580000,0x00000000ecc00000)
 ParOldGen       total 26624K, used 7746K [0x00000000c1000000, 0x00000000c2a00000, 0x00000000eb000000)
  object space 26624K, 29% used [0x00000000c1000000,0x00000000c1790bf8,0x00000000c2a00000)
 Metaspace       used 23510K, capacity 24325K, committed 24624K, reserved 1071104K
  class space    used 3080K, capacity 3301K, committed 3376K, reserved 1048576K
Event: 111.272 GC heap after
Heap after GC invocations=11 (full 1):
 PSYoungGen      total 22016K, used 1344K [0x00000000eb000000, 0x00000000ecc00000, 0x0000000100000000)
  eden space 15360K, 0% used [0x00000000eb000000,0x00000000eb000000,0x00000000ebf00000)
  from space 6656K, 20% used [0x00000000ec580000,0x00000000ec6d0230,0x00000000ecc00000)
  to   space 6656K, 0% used [0x00000000ebf00000,0x00000000ebf00000,0x00000000ec580000)
 ParOldGen       total 26624K, used 8277K [0x00000000c1000000, 0x00000000c2a00000, 0x00000000eb000000)
  object space 26624K, 31% used [0x00000000c1000000,0x00000000c1815540,0x00000000c2a00000)
 Metaspace       used 23510K, capacity 24325K, committed 24624K, reserved 1071104K
  class space    used 3080K, capacity 3301K, committed 3376K, reserved 1048576K
}

